<?xml version="1.0" encoding="UTF-8"?>
<testng-results skipped="0" failed="0" total="4" passed="4">
  <reporter-output>
  </reporter-output>
  <suite name="Default suite" duration-ms="2559" started-at="2018-04-21T13:05:56Z" finished-at="2018-04-21T13:05:58Z">
    <groups>
    </groups>
    <test name="Default test" duration-ms="2559" started-at="2018-04-21T13:05:56Z" finished-at="2018-04-21T13:05:58Z">
      <class name="ApiTesting.com.google.api.Weather_byCity">
        <test-method status="PASS" signature="Test_01()[pri:0, instance:ApiTesting.com.google.api.Weather_byCity@2b80d80f]" name="Test_01" duration-ms="1272" started-at="2018-04-21T18:35:56Z" finished-at="2018-04-21T18:35:57Z">
          <reporter-output>
          </reporter-output>
        </test-method> <!-- Test_01 -->
        <test-method status="PASS" signature="Test_02()[pri:0, instance:ApiTesting.com.google.api.Weather_byCity@2b80d80f]" name="Test_02" duration-ms="201" started-at="2018-04-21T18:35:57Z" finished-at="2018-04-21T18:35:57Z">
          <reporter-output>
          </reporter-output>
        </test-method> <!-- Test_02 -->
        <test-method status="PASS" signature="Test_03()[pri:0, instance:ApiTesting.com.google.api.Weather_byCity@2b80d80f]" name="Test_03" duration-ms="454" started-at="2018-04-21T18:35:57Z" finished-at="2018-04-21T18:35:57Z">
          <reporter-output>
          </reporter-output>
        </test-method> <!-- Test_03 -->
        <test-method status="PASS" signature="Test_03_jsonpath()[pri:0, instance:ApiTesting.com.google.api.Weather_byCity@2b80d80f]" name="Test_03_jsonpath" duration-ms="617" started-at="2018-04-21T18:35:57Z" finished-at="2018-04-21T18:35:58Z">
          <reporter-output>
          </reporter-output>
        </test-method> <!-- Test_03_jsonpath -->
      </class> <!-- ApiTesting.com.google.api.Weather_byCity -->
    </test> <!-- Default test -->
  </suite> <!-- Default suite -->
</testng-results>
