<?xml version="1.0" encoding="UTF-8"?>
<!-- Generated by org.testng.reporters.JUnitXMLReporter -->
<testsuite hostname="HP-HP" name="Default test" tests="4" failures="0" timestamp="21 Apr 2018 13:05:58 GMT" time="2.559" errors="0">
  <testcase name="Test_01" time="1.272" classname="ApiTesting.com.google.api.Weather_byCity"/>
  <testcase name="Test_02" time="0.201" classname="ApiTesting.com.google.api.Weather_byCity"/>
  <testcase name="Test_03" time="0.454" classname="ApiTesting.com.google.api.Weather_byCity"/>
  <testcase name="Test_03_jsonpath" time="0.617" classname="ApiTesting.com.google.api.Weather_byCity"/>
</testsuite> <!-- Default test -->
